0 verbose cli D:\Program Files\nodejs\node.exe D:\Program Files\nodejs\node_modules\npm\bin\npm-cli.js
1 info using npm@9.6.7
2 info using node@v18.17.1
3 timing npm:load:whichnode Completed in 3ms
4 timing config:load:defaults Completed in 4ms
5 timing config:load:file:D:\Program Files\nodejs\node_modules\npm\npmrc Completed in 7ms
6 timing config:load:builtin Completed in 7ms
7 timing config:load:cli Completed in 3ms
8 timing config:load:env Completed in 1ms
9 timing config:load:file:E:\基于 SpringBoot 的企业财务管理系统项目设计\frontend\.npmrc Completed in 0ms
10 timing config:load:project Completed in 2ms
11 timing config:load:file:C:\Users\Major Shelby\.npmrc Completed in 1ms
12 timing config:load:user Completed in 1ms
13 timing config:load:file:D:\Program Files\nodejs\node_global\etc\npmrc Completed in 0ms
14 timing config:load:global Completed in 1ms
15 timing config:load:setEnvs Completed in 2ms
16 timing config:load Completed in 23ms
17 timing npm:load:configload Completed in 23ms
18 timing npm:load:mkdirpcache Completed in 1ms
19 timing npm:load:mkdirplogs Completed in 0ms
20 verbose title npm install
21 verbose argv "install" "--cache" ".npm-cache"
22 timing npm:load:setTitle Completed in 1ms
23 timing config:load:flatten Completed in 2ms
24 timing npm:load:display Completed in 4ms
25 verbose logfile logs-max:10 dir:E:\基于 SpringBoot 的企业财务管理系统项目设计\frontend\.npm-cache\_logs\2026-04-04T03_09_49_687Z-
26 verbose logfile E:\基于 SpringBoot 的企业财务管理系统项目设计\frontend\.npm-cache\_logs\2026-04-04T03_09_49_687Z-debug-0.log
27 timing npm:load:logFile Completed in 24ms
28 timing npm:load:timers Completed in 0ms
29 timing npm:load:configScope Completed in 0ms
30 timing npm:load Completed in 57ms
31 timing arborist:ctor Completed in 2ms
32 timing arborist:ctor Completed in 0ms
33 silly logfile done cleaning log files
34 timing idealTree:init Completed in 627ms
35 timing idealTree:userRequests Completed in 0ms
36 silly idealTree buildDeps
37 timing idealTree:#root Completed in 0ms
38 silly fetch manifest @esbuild/aix-ppc64@0.21.5
39 http fetch GET 200 https://registry.npmjs.org/@esbuild%2faix-ppc64 37ms (cache hit)
40 silly fetch manifest @esbuild/android-arm@0.21.5
41 http fetch GET 200 https://registry.npmjs.org/@esbuild%2fandroid-arm 9ms (cache hit)
42 silly fetch manifest @esbuild/android-arm64@0.21.5
43 http fetch GET 200 https://registry.npmjs.org/@esbuild%2fandroid-arm64 12ms (cache hit)
44 silly fetch manifest @esbuild/android-x64@0.21.5
45 http fetch GET 200 https://registry.npmjs.org/@esbuild%2fandroid-x64 11ms (cache hit)
46 silly fetch manifest @esbuild/darwin-arm64@0.21.5
47 http fetch GET 200 https://registry.npmjs.org/@esbuild%2fdarwin-arm64 8ms (cache hit)
48 silly fetch manifest @esbuild/darwin-x64@0.21.5
49 http fetch GET 200 https://registry.npmjs.org/@esbuild%2fdarwin-x64 7ms (cache hit)
50 silly fetch manifest @esbuild/freebsd-arm64@0.21.5
51 http fetch GET 200 https://registry.npmjs.org/@esbuild%2ffreebsd-arm64 8ms (cache hit)
52 silly fetch manifest @esbuild/freebsd-x64@0.21.5
53 http fetch GET 200 https://registry.npmjs.org/@esbuild%2ffreebsd-x64 7ms (cache hit)
54 silly fetch manifest @esbuild/linux-arm@0.21.5
55 http fetch GET 200 https://registry.npmjs.org/@esbuild%2flinux-arm 9ms (cache hit)
56 silly fetch manifest @esbuild/linux-arm64@0.21.5
57 http fetch GET 200 https://registry.npmjs.org/@esbuild%2flinux-arm64 8ms (cache hit)
58 silly fetch manifest @esbuild/linux-ia32@0.21.5
59 http fetch GET 200 https://registry.npmjs.org/@esbuild%2flinux-ia32 7ms (cache hit)
60 silly fetch manifest @esbuild/linux-loong64@0.21.5
61 http fetch GET 200 https://registry.npmjs.org/@esbuild%2flinux-loong64 8ms (cache hit)
62 silly fetch manifest @esbuild/linux-mips64el@0.21.5
63 http fetch GET 200 https://registry.npmjs.org/@esbuild%2flinux-mips64el 12ms (cache hit)
64 silly fetch manifest @esbuild/linux-ppc64@0.21.5
65 http fetch GET 200 https://registry.npmjs.org/@esbuild%2flinux-ppc64 17ms (cache hit)
66 silly fetch manifest @esbuild/linux-riscv64@0.21.5
67 http fetch GET 200 https://registry.npmjs.org/@esbuild%2flinux-riscv64 10ms (cache hit)
68 silly fetch manifest @esbuild/linux-s390x@0.21.5
69 http fetch GET 200 https://registry.npmjs.org/@esbuild%2flinux-s390x 11ms (cache hit)
70 silly fetch manifest @esbuild/linux-x64@0.21.5
71 http fetch GET 200 https://registry.npmjs.org/@esbuild%2flinux-x64 12ms (cache hit)
72 silly fetch manifest @esbuild/netbsd-x64@0.21.5
73 http fetch GET 200 https://registry.npmjs.org/@esbuild%2fnetbsd-x64 13ms (cache hit)
74 silly fetch manifest @esbuild/openbsd-x64@0.21.5
75 http fetch GET 200 https://registry.npmjs.org/@esbuild%2fopenbsd-x64 19ms (cache hit)
76 silly fetch manifest @esbuild/sunos-x64@0.21.5
77 http fetch GET 200 https://registry.npmjs.org/@esbuild%2fsunos-x64 16ms (cache hit)
78 silly fetch manifest @esbuild/win32-arm64@0.21.5
79 http fetch GET 200 https://registry.npmjs.org/@esbuild%2fwin32-arm64 18ms (cache hit)
80 silly fetch manifest @esbuild/win32-ia32@0.21.5
81 http fetch GET 200 https://registry.npmjs.org/@esbuild%2fwin32-ia32 25ms (cache hit)
82 silly placeDep node_modules/esbuild @esbuild/aix-ppc64@0.21.5 OK for: esbuild@0.21.5 want: 0.21.5
83 silly placeDep node_modules/esbuild @esbuild/android-arm@0.21.5 OK for: esbuild@0.21.5 want: 0.21.5
84 silly placeDep node_modules/esbuild @esbuild/android-arm64@0.21.5 OK for: esbuild@0.21.5 want: 0.21.5
85 silly placeDep node_modules/esbuild @esbuild/android-x64@0.21.5 OK for: esbuild@0.21.5 want: 0.21.5
86 silly placeDep node_modules/esbuild @esbuild/darwin-arm64@0.21.5 OK for: esbuild@0.21.5 want: 0.21.5
87 silly placeDep node_modules/esbuild @esbuild/darwin-x64@0.21.5 OK for: esbuild@0.21.5 want: 0.21.5
88 silly placeDep node_modules/esbuild @esbuild/freebsd-arm64@0.21.5 OK for: esbuild@0.21.5 want: 0.21.5
89 silly placeDep node_modules/esbuild @esbuild/freebsd-x64@0.21.5 OK for: esbuild@0.21.5 want: 0.21.5
90 silly placeDep node_modules/esbuild @esbuild/linux-arm@0.21.5 OK for: esbuild@0.21.5 want: 0.21.5
91 silly placeDep node_modules/esbuild @esbuild/linux-arm64@0.21.5 OK for: esbuild@0.21.5 want: 0.21.5
92 silly placeDep node_modules/esbuild @esbuild/linux-ia32@0.21.5 OK for: esbuild@0.21.5 want: 0.21.5
93 silly placeDep node_modules/esbuild @esbuild/linux-loong64@0.21.5 OK for: esbuild@0.21.5 want: 0.21.5
94 silly placeDep node_modules/esbuild @esbuild/linux-mips64el@0.21.5 OK for: esbuild@0.21.5 want: 0.21.5
95 silly placeDep node_modules/esbuild @esbuild/linux-ppc64@0.21.5 OK for: esbuild@0.21.5 want: 0.21.5
96 silly placeDep node_modules/esbuild @esbuild/linux-riscv64@0.21.5 OK for: esbuild@0.21.5 want: 0.21.5
97 silly placeDep node_modules/esbuild @esbuild/linux-s390x@0.21.5 OK for: esbuild@0.21.5 want: 0.21.5
98 silly placeDep node_modules/esbuild @esbuild/linux-x64@0.21.5 OK for: esbuild@0.21.5 want: 0.21.5
99 silly placeDep node_modules/esbuild @esbuild/netbsd-x64@0.21.5 OK for: esbuild@0.21.5 want: 0.21.5
100 silly placeDep node_modules/esbuild @esbuild/openbsd-x64@0.21.5 OK for: esbuild@0.21.5 want: 0.21.5
101 silly placeDep node_modules/esbuild @esbuild/sunos-x64@0.21.5 OK for: esbuild@0.21.5 want: 0.21.5
102 silly placeDep node_modules/esbuild @esbuild/win32-arm64@0.21.5 OK for: esbuild@0.21.5 want: 0.21.5
103 silly placeDep node_modules/esbuild @esbuild/win32-ia32@0.21.5 OK for: esbuild@0.21.5 want: 0.21.5
104 timing idealTree:node_modules/esbuild Completed in 395ms
105 silly fetch manifest fsevents@~2.3.2
106 http fetch GET 200 https://registry.npmjs.org/fsevents 15ms (cache hit)
107 silly fetch manifest @rollup/rollup-darwin-arm64@4.60.1
108 http fetch GET 200 https://registry.npmjs.org/@rollup%2frollup-darwin-arm64 11ms (cache hit)
109 silly fetch manifest @rollup/rollup-android-arm64@4.60.1
110 http fetch GET 200 https://registry.npmjs.org/@rollup%2frollup-android-arm64 12ms (cache hit)
111 silly fetch manifest @rollup/rollup-win32-arm64-msvc@4.60.1
112 http fetch GET 200 https://registry.npmjs.org/@rollup%2frollup-win32-arm64-msvc 18ms (cache hit)
113 silly fetch manifest @rollup/rollup-freebsd-arm64@4.60.1
114 http fetch GET 200 https://registry.npmjs.org/@rollup%2frollup-freebsd-arm64 22ms (cache hit)
115 silly fetch manifest @rollup/rollup-linux-arm64-gnu@4.60.1
116 http fetch GET 200 https://registry.npmjs.org/@rollup%2frollup-linux-arm64-gnu 13ms (cache hit)
117 silly fetch manifest @rollup/rollup-linux-arm64-musl@4.60.1
118 http fetch GET 200 https://registry.npmjs.org/@rollup%2frollup-linux-arm64-musl 13ms (cache hit)
119 silly fetch manifest @rollup/rollup-android-arm-eabi@4.60.1
120 http fetch GET 200 https://registry.npmjs.org/@rollup%2frollup-android-arm-eabi 9ms (cache hit)
121 silly fetch manifest @rollup/rollup-linux-arm-gnueabihf@4.60.1
122 http fetch GET 200 https://registry.npmjs.org/@rollup%2frollup-linux-arm-gnueabihf 10ms (cache hit)
123 silly fetch manifest @rollup/rollup-linux-arm-musleabihf@4.60.1
124 http fetch GET 200 https://registry.npmjs.org/@rollup%2frollup-linux-arm-musleabihf 10ms (cache hit)
125 silly fetch manifest @rollup/rollup-win32-ia32-msvc@4.60.1
126 http fetch GET 200 https://registry.npmjs.org/@rollup%2frollup-win32-ia32-msvc 6ms (cache hit)
127 silly fetch manifest @rollup/rollup-linux-loong64-gnu@4.60.1
128 http fetch GET 200 https://registry.npmjs.org/@rollup%2frollup-linux-loong64-gnu 7ms (cache hit)
129 silly fetch manifest @rollup/rollup-linux-loong64-musl@4.60.1
130 http fetch GET 200 https://registry.npmjs.org/@rollup%2frollup-linux-loong64-musl 7ms (cache hit)
131 silly fetch manifest @rollup/rollup-linux-riscv64-gnu@4.60.1
132 http fetch GET 200 https://registry.npmjs.org/@rollup%2frollup-linux-riscv64-gnu 12ms (cache hit)
133 silly fetch manifest @rollup/rollup-linux-riscv64-musl@4.60.1
134 http fetch GET 200 https://registry.npmjs.org/@rollup%2frollup-linux-riscv64-musl 24ms (cache hit)
135 silly fetch manifest @rollup/rollup-linux-ppc64-gnu@4.60.1
136 http fetch GET 200 https://registry.npmjs.org/@rollup%2frollup-linux-ppc64-gnu 7ms (cache hit)
137 silly fetch manifest @rollup/rollup-linux-ppc64-musl@4.60.1
138 http fetch GET 200 https://registry.npmjs.org/@rollup%2frollup-linux-ppc64-musl 9ms (cache hit)
139 silly fetch manifest @rollup/rollup-linux-s390x-gnu@4.60.1
140 http fetch GET 200 https://registry.npmjs.org/@rollup%2frollup-linux-s390x-gnu 9ms (cache hit)
141 silly fetch manifest @rollup/rollup-darwin-x64@4.60.1
142 http fetch GET 200 https://registry.npmjs.org/@rollup%2frollup-darwin-x64 7ms (cache hit)
143 silly fetch manifest @rollup/rollup-freebsd-x64@4.60.1
144 http fetch GET 200 https://registry.npmjs.org/@rollup%2frollup-freebsd-x64 8ms (cache hit)
145 silly fetch manifest @rollup/rollup-linux-x64-gnu@4.60.1
146 http fetch GET 200 https://registry.npmjs.org/@rollup%2frollup-linux-x64-gnu 9ms (cache hit)
147 silly fetch manifest @rollup/rollup-linux-x64-musl@4.60.1
148 http fetch GET 200 https://registry.npmjs.org/@rollup%2frollup-linux-x64-musl 9ms (cache hit)
149 silly fetch manifest @rollup/rollup-openbsd-x64@4.60.1
150 http fetch GET 200 https://registry.npmjs.org/@rollup%2frollup-openbsd-x64 6ms (cache hit)
151 silly fetch manifest @rollup/rollup-openharmony-arm64@4.60.1
152 http fetch GET 200 https://registry.npmjs.org/@rollup%2frollup-openharmony-arm64 9ms (cache hit)
153 silly placeDep node_modules/rollup @rollup/rollup-android-arm-eabi@4.60.1 OK for: rollup@4.60.1 want: 4.60.1
154 silly placeDep node_modules/rollup @rollup/rollup-android-arm64@4.60.1 OK for: rollup@4.60.1 want: 4.60.1
155 silly placeDep node_modules/rollup @rollup/rollup-darwin-arm64@4.60.1 OK for: rollup@4.60.1 want: 4.60.1
156 silly placeDep node_modules/rollup @rollup/rollup-darwin-x64@4.60.1 OK for: rollup@4.60.1 want: 4.60.1
157 silly placeDep node_modules/rollup @rollup/rollup-freebsd-arm64@4.60.1 OK for: rollup@4.60.1 want: 4.60.1
158 silly placeDep node_modules/rollup @rollup/rollup-freebsd-x64@4.60.1 OK for: rollup@4.60.1 want: 4.60.1
159 silly placeDep node_modules/rollup @rollup/rollup-linux-arm-gnueabihf@4.60.1 OK for: rollup@4.60.1 want: 4.60.1
160 silly placeDep node_modules/rollup @rollup/rollup-linux-arm-musleabihf@4.60.1 OK for: rollup@4.60.1 want: 4.60.1
161 silly placeDep node_modules/rollup @rollup/rollup-linux-arm64-gnu@4.60.1 OK for: rollup@4.60.1 want: 4.60.1
162 silly placeDep node_modules/rollup @rollup/rollup-linux-arm64-musl@4.60.1 OK for: rollup@4.60.1 want: 4.60.1
163 silly placeDep node_modules/rollup @rollup/rollup-linux-loong64-gnu@4.60.1 OK for: rollup@4.60.1 want: 4.60.1
164 silly placeDep node_modules/rollup @rollup/rollup-linux-loong64-musl@4.60.1 OK for: rollup@4.60.1 want: 4.60.1
165 silly placeDep node_modules/rollup @rollup/rollup-linux-ppc64-gnu@4.60.1 OK for: rollup@4.60.1 want: 4.60.1
166 silly placeDep node_modules/rollup @rollup/rollup-linux-ppc64-musl@4.60.1 OK for: rollup@4.60.1 want: 4.60.1
167 silly placeDep node_modules/rollup @rollup/rollup-linux-riscv64-gnu@4.60.1 OK for: rollup@4.60.1 want: 4.60.1
168 silly placeDep node_modules/rollup @rollup/rollup-linux-riscv64-musl@4.60.1 OK for: rollup@4.60.1 want: 4.60.1
169 silly placeDep node_modules/rollup @rollup/rollup-linux-s390x-gnu@4.60.1 OK for: rollup@4.60.1 want: 4.60.1
170 silly placeDep node_modules/rollup @rollup/rollup-linux-x64-gnu@4.60.1 OK for: rollup@4.60.1 want: 4.60.1
171 silly placeDep node_modules/rollup @rollup/rollup-linux-x64-musl@4.60.1 OK for: rollup@4.60.1 want: 4.60.1
172 silly placeDep node_modules/rollup @rollup/rollup-openbsd-x64@4.60.1 OK for: rollup@4.60.1 want: 4.60.1
173 silly placeDep node_modules/rollup @rollup/rollup-openharmony-arm64@4.60.1 OK for: rollup@4.60.1 want: 4.60.1
174 silly placeDep node_modules/rollup @rollup/rollup-win32-arm64-msvc@4.60.1 OK for: rollup@4.60.1 want: 4.60.1
175 silly placeDep node_modules/rollup @rollup/rollup-win32-ia32-msvc@4.60.1 OK for: rollup@4.60.1 want: 4.60.1
176 silly placeDep node_modules/rollup fsevents@2.3.3 OK for: rollup@4.60.1 want: ~2.3.2
177 timing idealTree:node_modules/rollup Completed in 358ms
178 silly fetch manifest fsevents@~2.3.3
179 silly placeDep node_modules/vite fsevents@2.3.3 OK for: vite@5.4.21 want: ~2.3.3
180 timing idealTree:node_modules/vite Completed in 2ms
181 timing idealTree:node_modules/esbuild/node_modules/@esbuild/aix-ppc64 Completed in 0ms
182 timing idealTree:node_modules/esbuild/node_modules/@esbuild/android-arm Completed in 0ms
183 timing idealTree:node_modules/esbuild/node_modules/@esbuild/android-arm64 Completed in 0ms
184 timing idealTree:node_modules/esbuild/node_modules/@esbuild/android-x64 Completed in 0ms
185 timing idealTree:node_modules/esbuild/node_modules/@esbuild/darwin-arm64 Completed in 0ms
186 timing idealTree:node_modules/esbuild/node_modules/@esbuild/darwin-x64 Completed in 0ms
187 timing idealTree:node_modules/esbuild/node_modules/@esbuild/freebsd-arm64 Completed in 0ms
188 timing idealTree:node_modules/esbuild/node_modules/@esbuild/freebsd-x64 Completed in 0ms
189 timing idealTree:node_modules/esbuild/node_modules/@esbuild/linux-arm Completed in 0ms
190 timing idealTree:node_modules/esbuild/node_modules/@esbuild/linux-arm64 Completed in 0ms
191 timing idealTree:node_modules/esbuild/node_modules/@esbuild/linux-ia32 Completed in 0ms
192 timing idealTree:node_modules/esbuild/node_modules/@esbuild/linux-loong64 Completed in 0ms
193 timing idealTree:node_modules/esbuild/node_modules/@esbuild/linux-mips64el Completed in 0ms
194 timing idealTree:node_modules/esbuild/node_modules/@esbuild/linux-ppc64 Completed in 0ms
195 timing idealTree:node_modules/esbuild/node_modules/@esbuild/linux-riscv64 Completed in 0ms
196 timing idealTree:node_modules/esbuild/node_modules/@esbuild/linux-s390x Completed in 0ms
197 timing idealTree:node_modules/esbuild/node_modules/@esbuild/linux-x64 Completed in 0ms
198 timing idealTree:node_modules/esbuild/node_modules/@esbuild/netbsd-x64 Completed in 0ms
199 timing idealTree:node_modules/esbuild/node_modules/@esbuild/openbsd-x64 Completed in 0ms
200 timing idealTree:node_modules/esbuild/node_modules/@esbuild/sunos-x64 Completed in 0ms
201 timing idealTree:node_modules/esbuild/node_modules/@esbuild/win32-arm64 Completed in 0ms
202 timing idealTree:node_modules/esbuild/node_modules/@esbuild/win32-ia32 Completed in 0ms
203 timing idealTree:node_modules/rollup/node_modules/@rollup/rollup-android-arm-eabi Completed in 0ms
204 timing idealTree:node_modules/rollup/node_modules/@rollup/rollup-android-arm64 Completed in 0ms
205 timing idealTree:node_modules/rollup/node_modules/@rollup/rollup-darwin-arm64 Completed in 0ms
206 timing idealTree:node_modules/rollup/node_modules/@rollup/rollup-darwin-x64 Completed in 0ms
207 timing idealTree:node_modules/rollup/node_modules/@rollup/rollup-freebsd-arm64 Completed in 0ms
208 timing idealTree:node_modules/rollup/node_modules/@rollup/rollup-freebsd-x64 Completed in 0ms
209 timing idealTree:node_modules/rollup/node_modules/@rollup/rollup-linux-arm-gnueabihf Completed in 0ms
210 timing idealTree:node_modules/rollup/node_modules/@rollup/rollup-linux-arm-musleabihf Completed in 0ms
211 timing idealTree:node_modules/rollup/node_modules/@rollup/rollup-linux-arm64-gnu Completed in 0ms
212 timing idealTree:node_modules/rollup/node_modules/@rollup/rollup-linux-arm64-musl Completed in 0ms
213 timing idealTree:node_modules/rollup/node_modules/@rollup/rollup-linux-loong64-gnu Completed in 0ms
214 timing idealTree:node_modules/rollup/node_modules/@rollup/rollup-linux-loong64-musl Completed in 0ms
215 timing idealTree:node_modules/rollup/node_modules/@rollup/rollup-linux-ppc64-gnu Completed in 0ms
216 timing idealTree:node_modules/rollup/node_modules/@rollup/rollup-linux-ppc64-musl Completed in 0ms
217 timing idealTree:node_modules/rollup/node_modules/@rollup/rollup-linux-riscv64-gnu Completed in 0ms
218 timing idealTree:node_modules/rollup/node_modules/@rollup/rollup-linux-riscv64-musl Completed in 0ms
219 timing idealTree:node_modules/rollup/node_modules/@rollup/rollup-linux-s390x-gnu Completed in 0ms
220 timing idealTree:node_modules/rollup/node_modules/@rollup/rollup-linux-x64-gnu Completed in 0ms
221 timing idealTree:node_modules/rollup/node_modules/@rollup/rollup-linux-x64-musl Completed in 0ms
222 timing idealTree:node_modules/rollup/node_modules/@rollup/rollup-openbsd-x64 Completed in 0ms
223 timing idealTree:node_modules/rollup/node_modules/@rollup/rollup-openharmony-arm64 Completed in 0ms
224 timing idealTree:node_modules/rollup/node_modules/@rollup/rollup-win32-arm64-msvc Completed in 0ms
225 timing idealTree:node_modules/rollup/node_modules/@rollup/rollup-win32-ia32-msvc Completed in 0ms
226 timing idealTree:node_modules/rollup/node_modules/fsevents Completed in 0ms
227 timing idealTree:node_modules/vite/node_modules/fsevents Completed in 0ms
228 timing idealTree:buildDeps Completed in 758ms
229 timing idealTree:fixDepFlags Completed in 2ms
230 timing idealTree Completed in 1390ms
231 timing reify:loadTrees Completed in 1392ms
232 timing reify:diffTrees Completed in 7ms
233 silly reify mark retired [ 'E:\\基于 SpringBoot 的企业财务管理系统项目设计\\frontend\\node_modules\\fsevents' ]
234 silly reify mark retired [
234 silly reify   'E:\\基于 SpringBoot 的企业财务管理系统项目设计\\frontend\\node_modules\\@esbuild\\aix-ppc64'
234 silly reify ]
235 silly reify mark retired [
235 silly reify   'E:\\基于 SpringBoot 的企业财务管理系统项目设计\\frontend\\node_modules\\@esbuild\\android-arm'
235 silly reify ]
236 silly reify mark retired [
236 silly reify   'E:\\基于 SpringBoot 的企业财务管理系统项目设计\\frontend\\node_modules\\@esbuild\\android-arm64'
236 silly reify ]
237 silly reify mark retired [
237 silly reify   'E:\\基于 SpringBoot 的企业财务管理系统项目设计\\frontend\\node_modules\\@esbuild\\android-x64'
237 silly reify ]
238 silly reify mark retired [
238 silly reify   'E:\\基于 SpringBoot 的企业财务管理系统项目设计\\frontend\\node_modules\\@esbuild\\darwin-x64'
238 silly reify ]
239 silly reify mark retired [
239 silly reify   'E:\\基于 SpringBoot 的企业财务管理系统项目设计\\frontend\\node_modules\\@esbuild\\darwin-arm64'
239 silly reify ]
240 silly reify mark retired [
240 silly reify   'E:\\基于 SpringBoot 的企业财务管理系统项目设计\\frontend\\node_modules\\@esbuild\\freebsd-arm64'
240 silly reify ]
241 silly reify mark retired [
241 silly reify   'E:\\基于 SpringBoot 的企业财务管理系统项目设计\\frontend\\node_modules\\@esbuild\\freebsd-x64'
241 silly reify ]
242 silly reify mark retired [
242 silly reify   'E:\\基于 SpringBoot 的企业财务管理系统项目设计\\frontend\\node_modules\\@esbuild\\linux-arm64'
242 silly reify ]
243 silly reify mark retired [
243 silly reify   'E:\\基于 SpringBoot 的企业财务管理系统项目设计\\frontend\\node_modules\\@esbuild\\linux-arm'
243 silly reify ]
244 silly reify mark retired [
244 silly reify   'E:\\基于 SpringBoot 的企业财务管理系统项目设计\\frontend\\node_modules\\@esbuild\\linux-ia32'
244 silly reify ]
245 silly reify mark retired [
245 silly reify   'E:\\基于 SpringBoot 的企业财务管理系统项目设计\\frontend\\node_modules\\@esbuild\\linux-mips64el'
245 silly reify ]
246 silly reify mark retired [
246 silly reify   'E:\\基于 SpringBoot 的企业财务管理系统项目设计\\frontend\\node_modules\\@esbuild\\linux-loong64'
246 silly reify ]
247 silly reify mark retired [
247 silly reify   'E:\\基于 SpringBoot 的企业财务管理系统项目设计\\frontend\\node_modules\\@esbuild\\linux-ppc64'
247 silly reify ]
248 silly reify mark retired [
248 silly reify   'E:\\基于 SpringBoot 的企业财务管理系统项目设计\\frontend\\node_modules\\@esbuild\\linux-riscv64'
248 silly reify ]
249 silly reify mark retired [
249 silly reify   'E:\\基于 SpringBoot 的企业财务管理系统项目设计\\frontend\\node_modules\\@esbuild\\linux-s390x'
249 silly reify ]
250 silly reify mark retired [
250 silly reify   'E:\\基于 SpringBoot 的企业财务管理系统项目设计\\frontend\\node_modules\\@esbuild\\linux-x64'
250 silly reify ]
251 silly reify mark retired [
251 silly reify   'E:\\基于 SpringBoot 的企业财务管理系统项目设计\\frontend\\node_modules\\@esbuild\\netbsd-x64'
251 silly reify ]
252 silly reify mark retired [
252 silly reify   'E:\\基于 SpringBoot 的企业财务管理系统项目设计\\frontend\\node_modules\\@esbuild\\openbsd-x64'
252 silly reify ]
253 silly reify mark retired [
253 silly reify   'E:\\基于 SpringBoot 的企业财务管理系统项目设计\\frontend\\node_modules\\@esbuild\\sunos-x64'
253 silly reify ]
254 silly reify mark retired [
254 silly reify   'E:\\基于 SpringBoot 的企业财务管理系统项目设计\\frontend\\node_modules\\@esbuild\\win32-arm64'
254 silly reify ]
255 silly reify mark retired [
255 silly reify   'E:\\基于 SpringBoot 的企业财务管理系统项目设计\\frontend\\node_modules\\@esbuild\\win32-ia32'
255 silly reify ]
256 silly reify mark retired [
256 silly reify   'E:\\基于 SpringBoot 的企业财务管理系统项目设计\\frontend\\node_modules\\@rollup\\rollup-android-arm-eabi'
256 silly reify ]
257 silly reify mark retired [
257 silly reify   'E:\\基于 SpringBoot 的企业财务管理系统项目设计\\frontend\\node_modules\\@rollup\\rollup-darwin-arm64'
257 silly reify ]
258 silly reify mark retired [
258 silly reify   'E:\\基于 SpringBoot 的企业财务管理系统项目设计\\frontend\\node_modules\\@rollup\\rollup-android-arm64'
258 silly reify ]
259 silly reify mark retired [
259 silly reify   'E:\\基于 SpringBoot 的企业财务管理系统项目设计\\frontend\\node_modules\\@rollup\\rollup-darwin-x64'
259 silly reify ]
260 silly reify mark retired [
260 silly reify   'E:\\基于 SpringBoot 的企业财务管理系统项目设计\\frontend\\node_modules\\@rollup\\rollup-freebsd-arm64'
260 silly reify ]
261 silly reify mark retired [
261 silly reify   'E:\\基于 SpringBoot 的企业财务管理系统项目设计\\frontend\\node_modules\\@rollup\\rollup-freebsd-x64'
261 silly reify ]
262 silly reify mark retired [
262 silly reify   'E:\\基于 SpringBoot 的企业财务管理系统项目设计\\frontend\\node_modules\\@rollup\\rollup-linux-arm-musleabihf'
262 silly reify ]
263 silly reify mark retired [
263 silly reify   'E:\\基于 SpringBoot 的企业财务管理系统项目设计\\frontend\\node_modules\\@rollup\\rollup-linux-arm-gnueabihf'
263 silly reify ]
264 silly reify mark retired [
264 silly reify   'E:\\基于 SpringBoot 的企业财务管理系统项目设计\\frontend\\node_modules\\@rollup\\rollup-linux-arm64-gnu'
264 silly reify ]
265 silly reify mark retired [
265 silly reify   'E:\\基于 SpringBoot 的企业财务管理系统项目设计\\frontend\\node_modules\\@rollup\\rollup-linux-arm64-musl'
265 silly reify ]
266 silly reify mark retired [
266 silly reify   'E:\\基于 SpringBoot 的企业财务管理系统项目设计\\frontend\\node_modules\\@rollup\\rollup-linux-ppc64-gnu'
266 silly reify ]
267 silly reify mark retired [
267 silly reify   'E:\\基于 SpringBoot 的企业财务管理系统项目设计\\frontend\\node_modules\\@rollup\\rollup-linux-loong64-gnu'
267 silly reify ]
268 silly reify mark retired [
268 silly reify   'E:\\基于 SpringBoot 的企业财务管理系统项目设计\\frontend\\node_modules\\@rollup\\rollup-linux-loong64-musl'
268 silly reify ]
269 silly reify mark retired [
269 silly reify   'E:\\基于 SpringBoot 的企业财务管理系统项目设计\\frontend\\node_modules\\@rollup\\rollup-linux-ppc64-musl'
269 silly reify ]
270 silly reify mark retired [
270 silly reify   'E:\\基于 SpringBoot 的企业财务管理系统项目设计\\frontend\\node_modules\\@rollup\\rollup-linux-riscv64-gnu'
270 silly reify ]
271 silly reify mark retired [
271 silly reify   'E:\\基于 SpringBoot 的企业财务管理系统项目设计\\frontend\\node_modules\\@rollup\\rollup-linux-riscv64-musl'
271 silly reify ]
272 silly reify mark retired [
272 silly reify   'E:\\基于 SpringBoot 的企业财务管理系统项目设计\\frontend\\node_modules\\@rollup\\rollup-linux-x64-gnu'
272 silly reify ]
273 silly reify mark retired [
273 silly reify   'E:\\基于 SpringBoot 的企业财务管理系统项目设计\\frontend\\node_modules\\@rollup\\rollup-linux-s390x-gnu'
273 silly reify ]
274 silly reify mark retired [
274 silly reify   'E:\\基于 SpringBoot 的企业财务管理系统项目设计\\frontend\\node_modules\\@rollup\\rollup-linux-x64-musl'
274 silly reify ]
275 silly reify mark retired [
275 silly reify   'E:\\基于 SpringBoot 的企业财务管理系统项目设计\\frontend\\node_modules\\@rollup\\rollup-openbsd-x64'
275 silly reify ]
276 silly reify mark retired [
276 silly reify   'E:\\基于 SpringBoot 的企业财务管理系统项目设计\\frontend\\node_modules\\@rollup\\rollup-win32-arm64-msvc'
276 silly reify ]
277 silly reify mark retired [
277 silly reify   'E:\\基于 SpringBoot 的企业财务管理系统项目设计\\frontend\\node_modules\\@rollup\\rollup-win32-ia32-msvc'
277 silly reify ]
278 silly reify mark retired [
278 silly reify   'E:\\基于 SpringBoot 的企业财务管理系统项目设计\\frontend\\node_modules\\@rollup\\rollup-openharmony-arm64'
278 silly reify ]
279 silly reify moves {
279 silly reify   'E:\\基于 SpringBoot 的企业财务管理系统项目设计\\frontend\\node_modules\\fsevents': 'E:\\基于 SpringBoot 的企业财务管理系统项目设计\\frontend\\node_modules\\.fsevents-aTmR28iA',
279 silly reify   'E:\\基于 SpringBoot 的企业财务管理系统项目设计\\frontend\\node_modules\\@esbuild\\aix-ppc64': 'E:\\基于 SpringBoot 的企业财务管理系统项目设计\\frontend\\node_modules\\@esbuild\\.aix-ppc64-94JJCoPz',
279 silly reify   'E:\\基于 SpringBoot 的企业财务管理系统项目设计\\frontend\\node_modules\\@esbuild\\android-arm': 'E:\\基于 SpringBoot 的企业财务管理系统项目设计\\frontend\\node_modules\\@esbuild\\.android-arm-Sfi8hP3g',
279 silly reify   'E:\\基于 SpringBoot 的企业财务管理系统项目设计\\frontend\\node_modules\\@esbuild\\android-arm64': 'E:\\基于 SpringBoot 的企业财务管理系统项目设计\\frontend\\node_modules\\@esbuild\\.android-arm64-7GYJ3jEL',
279 silly reify   'E:\\基于 SpringBoot 的企业财务管理系统项目设计\\frontend\\node_modules\\@esbuild\\android-x64': 'E:\\基于 SpringBoot 的企业财务管理系统项目设计\\frontend\\node_modules\\@esbuild\\.android-x64-82QdudbL',
279 silly reify   'E:\\基于 SpringBoot 的企业财务管理系统项目设计\\frontend\\node_modules\\@esbuild\\darwin-x64': 'E:\\基于 SpringBoot 的企业财务管理系统项目设计\\frontend\\node_modules\\@esbuild\\.darwin-x64-mEYu4FXn',
279 silly reify   'E:\\基于 SpringBoot 的企业财务管理系统项目设计\\frontend\\node_modules\\@esbuild\\darwin-arm64': 'E:\\基于 SpringBoot 的企业财务管理系统项目设计\\frontend\\node_modules\\@esbuild\\.darwin-arm64-LxOM6TNo',
279 silly reify   'E:\\基于 SpringBoot 的企业财务管理系统项目设计\\frontend\\node_modules\\@esbuild\\freebsd-arm64': 'E:\\基于 SpringBoot 的企业财务管理系统项目设计\\frontend\\node_modules\\@esbuild\\.freebsd-arm64-uZmRIMaE',
279 silly reify   'E:\\基于 SpringBoot 的企业财务管理系统项目设计\\frontend\\node_modules\\@esbuild\\freebsd-x64': 'E:\\基于 SpringBoot 的企业财务管理系统项目设计\\frontend\\node_modules\\@esbuild\\.freebsd-x64-LqfkoXq6',
279 silly reify   'E:\\基于 SpringBoot 的企业财务管理系统项目设计\\frontend\\node_modules\\@esbuild\\linux-arm64': 'E:\\基于 SpringBoot 的企业财务管理系统项目设计\\frontend\\node_modules\\@esbuild\\.linux-arm64-H9NneXzZ',
279 silly reify   'E:\\基于 SpringBoot 的企业财务管理系统项目设计\\frontend\\node_modules\\@esbuild\\linux-arm': 'E:\\基于 SpringBoot 的企业财务管理系统项目设计\\frontend\\node_modules\\@esbuild\\.linux-arm-V14wiNye',
279 silly reify   'E:\\基于 SpringBoot 的企业财务管理系统项目设计\\frontend\\node_modules\\@esbuild\\linux-ia32': 'E:\\基于 SpringBoot 的企业财务管理系统项目设计\\frontend\\node_modules\\@esbuild\\.linux-ia32-yt7zXeCo',
279 silly reify   'E:\\基于 SpringBoot 的企业财务管理系统项目设计\\frontend\\node_modules\\@esbuild\\linux-mips64el': 'E:\\基于 SpringBoot 的企业财务管理系统项目设计\\frontend\\node_modules\\@esbuild\\.linux-mips64el-znlq2Cfb',
279 silly reify   'E:\\基于 SpringBoot 的企业财务管理系统项目设计\\frontend\\node_modules\\@esbuild\\linux-loong64': 'E:\\基于 SpringBoot 的企业财务管理系统项目设计\\frontend\\node_modules\\@esbuild\\.linux-loong64-8r8usJlF',
279 silly reify   'E:\\基于 SpringBoot 的企业财务管理系统项目设计\\frontend\\node_modules\\@esbuild\\linux-ppc64': 'E:\\基于 SpringBoot 的企业财务管理系统项目设计\\frontend\\node_modules\\@esbuild\\.linux-ppc64-q6UyhBru',
279 silly reify   'E:\\基于 SpringBoot 的企业财务管理系统项目设计\\frontend\\node_modules\\@esbuild\\linux-riscv64': 'E:\\基于 SpringBoot 的企业财务管理系统项目设计\\frontend\\node_modules\\@esbuild\\.linux-riscv64-zXquJY4u',
279 silly reify   'E:\\基于 SpringBoot 的企业财务管理系统项目设计\\frontend\\node_modules\\@esbuild\\linux-s390x': 'E:\\基于 SpringBoot 的企业财务管理系统项目设计\\frontend\\node_modules\\@esbuild\\.linux-s390x-6ln0LgG8',
279 silly reify   'E:\\基于 SpringBoot 的企业财务管理系统项目设计\\frontend\\node_modules\\@esbuild\\linux-x64': 'E:\\基于 SpringBoot 的企业财务管理系统项目设计\\frontend\\node_modules\\@esbuild\\.linux-x64-6Rczyx08',
279 silly reify   'E:\\基于 SpringBoot 的企业财务管理系统项目设计\\frontend\\node_modules\\@esbuild\\netbsd-x64': 'E:\\基于 SpringBoot 的企业财务管理系统项目设计\\frontend\\node_modules\\@esbuild\\.netbsd-x64-XRU7t56Q',
279 silly reify   'E:\\基于 SpringBoot 的企业财务管理系统项目设计\\frontend\\node_modules\\@esbuild\\openbsd-x64': 'E:\\基于 SpringBoot 的企业财务管理系统项目设计\\frontend\\node_modules\\@esbuild\\.openbsd-x64-DEZlvalD',
279 silly reify   'E:\\基于 SpringBoot 的企业财务管理系统项目设计\\frontend\\node_modules\\@esbuild\\sunos-x64': 'E:\\基于 SpringBoot 的企业财务管理系统项目设计\\frontend\\node_modules\\@esbuild\\.sunos-x64-fjfSS2q0',
279 silly reify   'E:\\基于 SpringBoot 的企业财务管理系统项目设计\\frontend\\node_modules\\@esbuild\\win32-arm64': 'E:\\基于 SpringBoot 的企业财务管理系统项目设计\\frontend\\node_modules\\@esbuild\\.win32-arm64-dfx9jYwz',
279 silly reify   'E:\\基于 SpringBoot 的企业财务管理系统项目设计\\frontend\\node_modules\\@esbuild\\win32-ia32': 'E:\\基于 SpringBoot 的企业财务管理系统项目设计\\frontend\\node_modules\\@esbuild\\.win32-ia32-xkrRnhUz',
279 silly reify   'E:\\基于 SpringBoot 的企业财务管理系统项目设计\\frontend\\node_modules\\@rollup\\rollup-android-arm-eabi': 'E:\\基于 SpringBoot 的企业财务管理系统项目设计\\frontend\\node_modules\\@rollup\\.rollup-android-arm-eabi-CQmSiAHo',
279 silly reify   'E:\\基于 SpringBoot 的企业财务管理系统项目设计\\frontend\\node_modules\\@rollup\\rollup-darwin-arm64': 'E:\\基于 SpringBoot 的企业财务管理系统项目设计\\frontend\\node_modules\\@rollup\\.rollup-darwin-arm64-0Kqtlu0g',
279 silly reify   'E:\\基于 SpringBoot 的企业财务管理系统项目设计\\frontend\\node_modules\\@rollup\\rollup-android-arm64': 'E:\\基于 SpringBoot 的企业财务管理系统项目设计\\frontend\\node_modules\\@rollup\\.rollup-android-arm64-NxfIIgmg',
279 silly reify   'E:\\基于 SpringBoot 的企业财务管理系统项目设计\\frontend\\node_modules\\@rollup\\rollup-darwin-x64': 'E:\\基于 SpringBoot 的企业财务管理系统项目设计\\frontend\\node_modules\\@rollup\\.rollup-darwin-x64-pcLXBD6b',
279 silly reify   'E:\\基于 SpringBoot 的企业财务管理系统项目设计\\frontend\\node_modules\\@rollup\\rollup-freebsd-arm64': 'E:\\基于 SpringBoot 的企业财务管理系统项目设计\\frontend\\node_modules\\@rollup\\.rollup-freebsd-arm64-M4aWgtby',
279 silly reify   'E:\\基于 SpringBoot 的企业财务管理系统项目设计\\frontend\\node_modules\\@rollup\\rollup-freebsd-x64': 'E:\\基于 SpringBoot 的企业财务管理系统项目设计\\frontend\\node_modules\\@rollup\\.rollup-freebsd-x64-jgcwXe9f',
279 silly reify   'E:\\基于 SpringBoot 的企业财务管理系统项目设计\\frontend\\node_modules\\@rollup\\rollup-linux-arm-musleabihf': 'E:\\基于 SpringBoot 的企业财务管理系统项目设计\\frontend\\node_modules\\@rollup\\.rollup-linux-arm-musleabihf-qcgW2GVK',
279 silly reify   'E:\\基于 SpringBoot 的企业财务管理系统项目设计\\frontend\\node_modules\\@rollup\\rollup-linux-arm-gnueabihf': 'E:\\基于 SpringBoot 的企业财务管理系统项目设计\\frontend\\node_modules\\@rollup\\.rollup-linux-arm-gnueabihf-sMSFCYaQ',
279 silly reify   'E:\\基于 SpringBoot 的企业财务管理系统项目设计\\frontend\\node_modules\\@rollup\\rollup-linux-arm64-gnu': 'E:\\基于 SpringBoot 的企业财务管理系统项目设计\\frontend\\node_modules\\@rollup\\.rollup-linux-arm64-gnu-JO66H5Dv',
279 silly reify   'E:\\基于 SpringBoot 的企业财务管理系统项目设计\\frontend\\node_modules\\@rollup\\rollup-linux-arm64-musl': 'E:\\基于 SpringBoot 的企业财务管理系统项目设计\\frontend\\node_modules\\@rollup\\.rollup-linux-arm64-musl-OkMD2bEw',
279 silly reify   'E:\\基于 SpringBoot 的企业财务管理系统项目设计\\frontend\\node_modules\\@rollup\\rollup-linux-ppc64-gnu': 'E:\\基于 SpringBoot 的企业财务管理系统项目设计\\frontend\\node_modules\\@rollup\\.rollup-linux-ppc64-gnu-wIef13Ll',
279 silly reify   'E:\\基于 SpringBoot 的企业财务管理系统项目设计\\frontend\\node_modules\\@rollup\\rollup-linux-loong64-gnu': 'E:\\基于 SpringBoot 的企业财务管理系统项目设计\\frontend\\node_modules\\@rollup\\.rollup-linux-loong64-gnu-I6yfQaDz',
279 silly reify   'E:\\基于 SpringBoot 的企业财务管理系统项目设计\\frontend\\node_modules\\@rollup\\rollup-linux-loong64-musl': 'E:\\基于 SpringBoot 的企业财务管理系统项目设计\\frontend\\node_modules\\@rollup\\.rollup-linux-loong64-musl-Al12lBMI',
279 silly reify   'E:\\基于 SpringBoot 的企业财务管理系统项目设计\\frontend\\node_modules\\@rollup\\rollup-linux-ppc64-musl': 'E:\\基于 SpringBoot 的企业财务管理系统项目设计\\frontend\\node_modules\\@rollup\\.rollup-linux-ppc64-musl-vTGsQQNE',
279 silly reify   'E:\\基于 SpringBoot 的企业财务管理系统项目设计\\frontend\\node_modules\\@rollup\\rollup-linux-riscv64-gnu': 'E:\\基于 SpringBoot 的企业财务管理系统项目设计\\frontend\\node_modules\\@rollup\\.rollup-linux-riscv64-gnu-8jRe2VyP',
279 silly reify   'E:\\基于 SpringBoot 的企业财务管理系统项目设计\\frontend\\node_modules\\@rollup\\rollup-linux-riscv64-musl': 'E:\\基于 SpringBoot 的企业财务管理系统项目设计\\frontend\\node_modules\\@rollup\\.rollup-linux-riscv64-musl-3WO2ctzj',
279 silly reify   'E:\\基于 SpringBoot 的企业财务管理系统项目设计\\frontend\\node_modules\\@rollup\\rollup-linux-x64-gnu': 'E:\\基于 SpringBoot 的企业财务管理系统项目设计\\frontend\\node_modules\\@rollup\\.rollup-linux-x64-gnu-sdjntNhJ',
279 silly reify   'E:\\基于 SpringBoot 的企业财务管理系统项目设计\\frontend\\node_modules\\@rollup\\rollup-linux-s390x-gnu': 'E:\\基于 SpringBoot 的企业财务管理系统项目设计\\frontend\\node_modules\\@rollup\\.rollup-linux-s390x-gnu-KFmdZbXY',
279 silly reify   'E:\\基于 SpringBoot 的企业财务管理系统项目设计\\frontend\\node_modules\\@rollup\\rollup-linux-x64-musl': 'E:\\基于 SpringBoot 的企业财务管理系统项目设计\\frontend\\node_modules\\@rollup\\.rollup-linux-x64-musl-XL9RzBgB',
279 silly reify   'E:\\基于 SpringBoot 的企业财务管理系统项目设计\\frontend\\node_modules\\@rollup\\rollup-openbsd-x64': 'E:\\基于 SpringBoot 的企业财务管理系统项目设计\\frontend\\node_modules\\@rollup\\.rollup-openbsd-x64-Ci01MLte',
279 silly reify   'E:\\基于 SpringBoot 的企业财务管理系统项目设计\\frontend\\node_modules\\@rollup\\rollup-win32-arm64-msvc': 'E:\\基于 SpringBoot 的企业财务管理系统项目设计\\frontend\\node_modules\\@rollup\\.rollup-win32-arm64-msvc-PdIzLIGd',
279 silly reify   'E:\\基于 SpringBoot 的企业财务管理系统项目设计\\frontend\\node_modules\\@rollup\\rollup-win32-ia32-msvc': 'E:\\基于 SpringBoot 的企业财务管理系统项目设计\\frontend\\node_modules\\@rollup\\.rollup-win32-ia32-msvc-ycCiHGuo',
279 silly reify   'E:\\基于 SpringBoot 的企业财务管理系统项目设计\\frontend\\node_modules\\@rollup\\rollup-openharmony-arm64': 'E:\\基于 SpringBoot 的企业财务管理系统项目设计\\frontend\\node_modules\\@rollup\\.rollup-openharmony-arm64-R1ZQQnTM'
279 silly reify }
280 timing reify:retireShallow Completed in 53ms
281 timing reify:createSparse Completed in 22ms
282 timing reify:loadBundles Completed in 0ms
283 silly audit bulk request {
283 silly audit   'async-validator': [ '4.2.5' ],
283 silly audit   asynckit: [ '0.4.0' ],
283 silly audit   'call-bind-apply-helpers': [ '1.0.2' ],
283 silly audit   'combined-stream': [ '1.0.8' ],
283 silly audit   axios: [ '1.14.0' ],
283 silly audit   csstype: [ '3.2.3' ],
283 silly audit   'dunder-proto': [ '1.0.1' ],
283 silly audit   'element-plus': [ '2.13.6' ],
283 silly audit   dayjs: [ '1.11.20' ],
283 silly audit   entities: [ '7.0.1' ],
283 silly audit   'es-define-property': [ '1.0.1' ],
283 silly audit   'es-object-atoms': [ '1.1.1' ],
283 silly audit   'es-errors': [ '1.3.0' ],
283 silly audit   'delayed-stream': [ '1.0.0' ],
283 silly audit   'es-set-tostringtag': [ '2.1.0' ],
283 silly audit   esbuild: [ '0.21.5' ],
283 silly audit   'follow-redirects': [ '1.15.11' ],
283 silly audit   'estree-walker': [ '2.0.2' ],
283 silly audit   'form-data': [ '4.0.5' ],
283 silly audit   'function-bind': [ '1.1.2' ],
283 silly audit   'get-proto': [ '1.0.1' ],
283 silly audit   'get-intrinsic': [ '1.3.0' ],
283 silly audit   'has-symbols': [ '1.1.0' ],
283 silly audit   'has-tostringtag': [ '1.0.2' ],
283 silly audit   gopd: [ '1.2.0' ],
283 silly audit   hasown: [ '2.0.2' ],
283 silly audit   lodash: [ '4.18.1' ],
283 silly audit   'lodash-unified': [ '1.0.3' ],
283 silly audit   'lodash-es': [ '4.18.1' ],
283 silly audit   'magic-string': [ '0.30.21' ],
283 silly audit   'memoize-one': [ '6.0.0' ],
283 silly audit   'mime-db': [ '1.52.0' ],
283 silly audit   'math-intrinsics': [ '1.1.0' ],
283 silly audit   'mime-types': [ '2.1.35' ],
283 silly audit   nanoid: [ '3.3.11' ],
283 silly audit   'normalize-wheel-es': [ '1.2.0' ],
283 silly audit   picocolors: [ '1.1.1' ],
283 silly audit   'proxy-from-env': [ '2.1.0' ],
283 silly audit   postcss: [ '8.5.8' ],
283 silly audit   rollup: [ '4.60.1' ],
283 silly audit   vite: [ '5.4.21' ],
283 silly audit   'source-map-js': [ '1.2.1' ],
283 silly audit   vue: [ '3.5.32' ],
283 silly audit   'vue-component-type-helpers': [ '3.2.6' ],
283 silly audit   'vue-router': [ '4.6.4' ],
283 silly audit   '@ctrl/tinycolor': [ '4.2.0' ],
283 silly audit   '@babel/helper-string-parser': [ '7.27.1' ],
283 silly audit   '@babel/helper-validator-identifier': [ '7.28.5' ],
283 silly audit   '@babel/parser': [ '7.29.2' ],
283 silly audit   '@element-plus/icons-vue': [ '2.3.2' ],
283 silly audit   '@babel/types': [ '7.29.0' ],
283 silly audit   '@esbuild/win32-x64': [ '0.21.5' ],
283 silly audit   '@floating-ui/core': [ '1.7.5' ],
283 silly audit   '@floating-ui/dom': [ '1.7.6' ],
283 silly audit   '@floating-ui/utils': [ '0.2.11' ],
283 silly audit   '@jridgewell/sourcemap-codec': [ '1.5.5' ],
283 silly audit   '@sxzz/popperjs-es': [ '2.11.8' ],
283 silly audit   '@rollup/rollup-win32-x64-msvc': [ '4.60.1' ],
283 silly audit   '@rollup/rollup-win32-x64-gnu': [ '4.60.1' ],
283 silly audit   '@types/lodash': [ '4.17.24' ],
283 silly audit   '@types/estree': [ '1.0.8' ],
283 silly audit   '@types/lodash-es': [ '4.17.12' ],
283 silly audit   '@types/web-bluetooth': [ '0.0.20' ],
283 silly audit   '@vitejs/plugin-vue': [ '5.2.4' ],
283 silly audit   '@vue/compiler-core': [ '3.5.32' ],
283 silly audit   '@vue/compiler-dom': [ '3.5.32' ],
283 silly audit   '@vue/compiler-sfc': [ '3.5.32' ],
283 silly audit   '@vue/compiler-ssr': [ '3.5.32' ],
283 silly audit   '@vue/devtools-api': [ '6.6.4' ],
283 silly audit   '@vue/reactivity': [ '3.5.32' ],
283 silly audit   '@vue/runtime-core': [ '3.5.32' ],
283 silly audit   '@vue/server-renderer': [ '3.5.32' ],
283 silly audit   '@vue/runtime-dom': [ '3.5.32' ],
283 silly audit   '@vueuse/metadata': [ '12.0.0' ],
283 silly audit   '@vueuse/core': [ '12.0.0' ],
283 silly audit   '@vueuse/shared': [ '12.0.0' ],
283 silly audit   '@vue/shared': [ '3.5.32' ],
283 silly audit   '@esbuild/aix-ppc64': [ '0.21.5' ],
283 silly audit   '@esbuild/android-arm': [ '0.21.5' ],
283 silly audit   '@esbuild/android-arm64': [ '0.21.5' ],
283 silly audit   '@esbuild/android-x64': [ '0.21.5' ],
283 silly audit   '@esbuild/darwin-arm64': [ '0.21.5' ],
283 silly audit   '@esbuild/darwin-x64': [ '0.21.5' ],
283 silly audit   '@esbuild/freebsd-arm64': [ '0.21.5' ],
283 silly audit   '@esbuild/freebsd-x64': [ '0.21.5' ],
283 silly audit   '@esbuild/linux-arm': [ '0.21.5' ],
283 silly audit   '@esbuild/linux-arm64': [ '0.21.5' ],
283 silly audit   '@esbuild/linux-ia32': [ '0.21.5' ],
283 silly audit   '@esbuild/linux-loong64': [ '0.21.5' ],
283 silly audit   '@esbuild/linux-mips64el': [ '0.21.5' ],
283 silly audit   '@esbuild/linux-ppc64': [ '0.21.5' ],
283 silly audit   '@esbuild/linux-riscv64': [ '0.21.5' ],
283 silly audit   '@esbuild/linux-s390x': [ '0.21.5' ],
283 silly audit   '@esbuild/linux-x64': [ '0.21.5' ],
283 silly audit   '@esbuild/netbsd-x64': [ '0.21.5' ],
283 silly audit   '@esbuild/openbsd-x64': [ '0.21.5' ],
283 silly audit   '@esbuild/sunos-x64': [ '0.21.5' ],
283 silly audit   '@esbuild/win32-arm64': [ '0.21.5' ],
283 silly audit   '@esbuild/win32-ia32': [ '0.21.5' ],
283 silly audit   '@rollup/rollup-android-arm-eabi': [ '4.60.1' ],
283 silly audit   '@rollup/rollup-android-arm64': [ '4.60.1' ],
283 silly audit   '@rollup/rollup-darwin-arm64': [ '4.60.1' ],
283 silly audit   '@rollup/rollup-darwin-x64': [ '4.60.1' ],
283 silly audit   '@rollup/rollup-freebsd-arm64': [ '4.60.1' ],
283 silly audit   '@rollup/rollup-freebsd-x64': [ '4.60.1' ],
283 silly audit   '@rollup/rollup-linux-arm-gnueabihf': [ '4.60.1' ],
283 silly audit   '@rollup/rollup-linux-arm-musleabihf': [ '4.60.1' ],
283 silly audit   '@rollup/rollup-linux-arm64-gnu': [ '4.60.1' ],
283 silly audit   '@rollup/rollup-linux-arm64-musl': [ '4.60.1' ],
283 silly audit   '@rollup/rollup-linux-loong64-gnu': [ '4.60.1' ],
283 silly audit   '@rollup/rollup-linux-loong64-musl': [ '4.60.1' ],
283 silly audit   '@rollup/rollup-linux-ppc64-gnu': [ '4.60.1' ],
283 silly audit   '@rollup/rollup-linux-ppc64-musl': [ '4.60.1' ],
283 silly audit   '@rollup/rollup-linux-riscv64-gnu': [ '4.60.1' ],
283 silly audit   '@rollup/rollup-linux-riscv64-musl': [ '4.60.1' ],
283 silly audit   '@rollup/rollup-linux-s390x-gnu': [ '4.60.1' ],
283 silly audit   '@rollup/rollup-linux-x64-gnu': [ '4.60.1' ],
283 silly audit   '@rollup/rollup-linux-x64-musl': [ '4.60.1' ],
283 silly audit   '@rollup/rollup-openbsd-x64': [ '4.60.1' ],
283 silly audit   '@rollup/rollup-openharmony-arm64': [ '4.60.1' ],
283 silly audit   '@rollup/rollup-win32-arm64-msvc': [ '4.60.1' ],
283 silly audit   '@rollup/rollup-win32-ia32-msvc': [ '4.60.1' ],
283 silly audit   fsevents: [ '2.3.3' ]
283 silly audit }
284 verbose reify failed optional dependency E:\基于 SpringBoot 的企业财务管理系统项目设计\frontend\node_modules\rollup\node_modules\fsevents
285 silly reify mark deleted [
285 silly reify   'E:\\基于 SpringBoot 的企业财务管理系统项目设计\\frontend\\node_modules\\rollup\\node_modules\\fsevents'
285 silly reify ]
286 verbose reify failed optional dependency E:\基于 SpringBoot 的企业财务管理系统项目设计\frontend\node_modules\rollup\node_modules\@rollup\rollup-win32-ia32-msvc
287 silly reify mark deleted [
287 silly reify   'E:\\基于 SpringBoot 的企业财务管理系统项目设计\\frontend\\node_modules\\rollup\\node_modules\\@rollup\\rollup-win32-ia32-msvc'
287 silly reify ]
288 verbose reify failed optional dependency E:\基于 SpringBoot 的企业财务管理系统项目设计\frontend\node_modules\rollup\node_modules\@rollup\rollup-win32-arm64-msvc
289 silly reify mark deleted [
289 silly reify   'E:\\基于 SpringBoot 的企业财务管理系统项目设计\\frontend\\node_modules\\rollup\\node_modules\\@rollup\\rollup-win32-arm64-msvc'
289 silly reify ]
290 verbose reify failed optional dependency E:\基于 SpringBoot 的企业财务管理系统项目设计\frontend\node_modules\rollup\node_modules\@rollup\rollup-openharmony-arm64
291 silly reify mark deleted [
291 silly reify   'E:\\基于 SpringBoot 的企业财务管理系统项目设计\\frontend\\node_modules\\rollup\\node_modules\\@rollup\\rollup-openharmony-arm64'
291 silly reify ]
292 verbose reify failed optional dependency E:\基于 SpringBoot 的企业财务管理系统项目设计\frontend\node_modules\rollup\node_modules\@rollup\rollup-openbsd-x64
293 silly reify mark deleted [
293 silly reify   'E:\\基于 SpringBoot 的企业财务管理系统项目设计\\frontend\\node_modules\\rollup\\node_modules\\@rollup\\rollup-openbsd-x64'
293 silly reify ]
294 verbose reify failed optional dependency E:\基于 SpringBoot 的企业财务管理系统项目设计\frontend\node_modules\rollup\node_modules\@rollup\rollup-linux-x64-musl
295 silly reify mark deleted [
295 silly reify   'E:\\基于 SpringBoot 的企业财务管理系统项目设计\\frontend\\node_modules\\rollup\\node_modules\\@rollup\\rollup-linux-x64-musl'
295 silly reify ]
296 verbose reify failed optional dependency E:\基于 SpringBoot 的企业财务管理系统项目设计\frontend\node_modules\rollup\node_modules\@rollup\rollup-linux-x64-gnu
297 silly reify mark deleted [
297 silly reify   'E:\\基于 SpringBoot 的企业财务管理系统项目设计\\frontend\\node_modules\\rollup\\node_modules\\@rollup\\rollup-linux-x64-gnu'
297 silly reify ]
298 verbose reify failed optional dependency E:\基于 SpringBoot 的企业财务管理系统项目设计\frontend\node_modules\rollup\node_modules\@rollup\rollup-linux-s390x-gnu
299 silly reify mark deleted [
299 silly reify   'E:\\基于 SpringBoot 的企业财务管理系统项目设计\\frontend\\node_modules\\rollup\\node_modules\\@rollup\\rollup-linux-s390x-gnu'
299 silly reify ]
300 verbose reify failed optional dependency E:\基于 SpringBoot 的企业财务管理系统项目设计\frontend\node_modules\rollup\node_modules\@rollup\rollup-linux-riscv64-musl
301 silly reify mark deleted [
301 silly reify   'E:\\基于 SpringBoot 的企业财务管理系统项目设计\\frontend\\node_modules\\rollup\\node_modules\\@rollup\\rollup-linux-riscv64-musl'
301 silly reify ]
302 verbose reify failed optional dependency E:\基于 SpringBoot 的企业财务管理系统项目设计\frontend\node_modules\rollup\node_modules\@rollup\rollup-linux-riscv64-gnu
303 silly reify mark deleted [
303 silly reify   'E:\\基于 SpringBoot 的企业财务管理系统项目设计\\frontend\\node_modules\\rollup\\node_modules\\@rollup\\rollup-linux-riscv64-gnu'
303 silly reify ]
304 verbose reify failed optional dependency E:\基于 SpringBoot 的企业财务管理系统项目设计\frontend\node_modules\rollup\node_modules\@rollup\rollup-linux-ppc64-musl
305 silly reify mark deleted [
305 silly reify   'E:\\基于 SpringBoot 的企业财务管理系统项目设计\\frontend\\node_modules\\rollup\\node_modules\\@rollup\\rollup-linux-ppc64-musl'
305 silly reify ]
306 verbose reify failed optional dependency E:\基于 SpringBoot 的企业财务管理系统项目设计\frontend\node_modules\rollup\node_modules\@rollup\rollup-linux-ppc64-gnu
307 silly reify mark deleted [
307 silly reify   'E:\\基于 SpringBoot 的企业财务管理系统项目设计\\frontend\\node_modules\\rollup\\node_modules\\@rollup\\rollup-linux-ppc64-gnu'
307 silly reify ]
308 verbose reify failed optional dependency E:\基于 SpringBoot 的企业财务管理系统项目设计\frontend\node_modules\rollup\node_modules\@rollup\rollup-linux-loong64-musl
309 silly reify mark deleted [
309 silly reify   'E:\\基于 SpringBoot 的企业财务管理系统项目设计\\frontend\\node_modules\\rollup\\node_modules\\@rollup\\rollup-linux-loong64-musl'
309 silly reify ]
310 verbose reify failed optional dependency E:\基于 SpringBoot 的企业财务管理系统项目设计\frontend\node_modules\rollup\node_modules\@rollup\rollup-linux-loong64-gnu
311 silly reify mark deleted [
311 silly reify   'E:\\基于 SpringBoot 的企业财务管理系统项目设计\\frontend\\node_modules\\rollup\\node_modules\\@rollup\\rollup-linux-loong64-gnu'
311 silly reify ]
312 verbose reify failed optional dependency E:\基于 SpringBoot 的企业财务管理系统项目设计\frontend\node_modules\rollup\node_modules\@rollup\rollup-linux-arm64-musl
313 silly reify mark deleted [
313 silly reify   'E:\\基于 SpringBoot 的企业财务管理系统项目设计\\frontend\\node_modules\\rollup\\node_modules\\@rollup\\rollup-linux-arm64-musl'
313 silly reify ]
314 verbose reify failed optional dependency E:\基于 SpringBoot 的企业财务管理系统项目设计\frontend\node_modules\rollup\node_modules\@rollup\rollup-linux-arm64-gnu
315 silly reify mark deleted [
315 silly reify   'E:\\基于 SpringBoot 的企业财务管理系统项目设计\\frontend\\node_modules\\rollup\\node_modules\\@rollup\\rollup-linux-arm64-gnu'
315 silly reify ]
316 verbose reify failed optional dependency E:\基于 SpringBoot 的企业财务管理系统项目设计\frontend\node_modules\rollup\node_modules\@rollup\rollup-linux-arm-musleabihf
317 silly reify mark deleted [
317 silly reify   'E:\\基于 SpringBoot 的企业财务管理系统项目设计\\frontend\\node_modules\\rollup\\node_modules\\@rollup\\rollup-linux-arm-musleabihf'
317 silly reify ]
318 verbose reify failed optional dependency E:\基于 SpringBoot 的企业财务管理系统项目设计\frontend\node_modules\rollup\node_modules\@rollup\rollup-linux-arm-gnueabihf
319 silly reify mark deleted [
319 silly reify   'E:\\基于 SpringBoot 的企业财务管理系统项目设计\\frontend\\node_modules\\rollup\\node_modules\\@rollup\\rollup-linux-arm-gnueabihf'
319 silly reify ]
320 verbose reify failed optional dependency E:\基于 SpringBoot 的企业财务管理系统项目设计\frontend\node_modules\rollup\node_modules\@rollup\rollup-freebsd-x64
321 silly reify mark deleted [
321 silly reify   'E:\\基于 SpringBoot 的企业财务管理系统项目设计\\frontend\\node_modules\\rollup\\node_modules\\@rollup\\rollup-freebsd-x64'
321 silly reify ]
322 verbose reify failed optional dependency E:\基于 SpringBoot 的企业财务管理系统项目设计\frontend\node_modules\rollup\node_modules\@rollup\rollup-freebsd-arm64
323 silly reify mark deleted [
323 silly reify   'E:\\基于 SpringBoot 的企业财务管理系统项目设计\\frontend\\node_modules\\rollup\\node_modules\\@rollup\\rollup-freebsd-arm64'
323 silly reify ]
324 verbose reify failed optional dependency E:\基于 SpringBoot 的企业财务管理系统项目设计\frontend\node_modules\rollup\node_modules\@rollup\rollup-darwin-x64
325 silly reify mark deleted [
325 silly reify   'E:\\基于 SpringBoot 的企业财务管理系统项目设计\\frontend\\node_modules\\rollup\\node_modules\\@rollup\\rollup-darwin-x64'
325 silly reify ]
326 verbose reify failed optional dependency E:\基于 SpringBoot 的企业财务管理系统项目设计\frontend\node_modules\rollup\node_modules\@rollup\rollup-darwin-arm64
327 silly reify mark deleted [
327 silly reify   'E:\\基于 SpringBoot 的企业财务管理系统项目设计\\frontend\\node_modules\\rollup\\node_modules\\@rollup\\rollup-darwin-arm64'
327 silly reify ]
328 verbose reify failed optional dependency E:\基于 SpringBoot 的企业财务管理系统项目设计\frontend\node_modules\rollup\node_modules\@rollup\rollup-android-arm64
329 silly reify mark deleted [
329 silly reify   'E:\\基于 SpringBoot 的企业财务管理系统项目设计\\frontend\\node_modules\\rollup\\node_modules\\@rollup\\rollup-android-arm64'
329 silly reify ]
330 verbose reify failed optional dependency E:\基于 SpringBoot 的企业财务管理系统项目设计\frontend\node_modules\rollup\node_modules\@rollup\rollup-android-arm-eabi
331 silly reify mark deleted [
331 silly reify   'E:\\基于 SpringBoot 的企业财务管理系统项目设计\\frontend\\node_modules\\rollup\\node_modules\\@rollup\\rollup-android-arm-eabi'
331 silly reify ]
332 verbose reify failed optional dependency E:\基于 SpringBoot 的企业财务管理系统项目设计\frontend\node_modules\vite\node_modules\fsevents
333 silly reify mark deleted [
333 silly reify   'E:\\基于 SpringBoot 的企业财务管理系统项目设计\\frontend\\node_modules\\vite\\node_modules\\fsevents'
333 silly reify ]
334 verbose reify failed optional dependency E:\基于 SpringBoot 的企业财务管理系统项目设计\frontend\node_modules\esbuild\node_modules\@esbuild\win32-ia32
335 silly reify mark deleted [
335 silly reify   'E:\\基于 SpringBoot 的企业财务管理系统项目设计\\frontend\\node_modules\\esbuild\\node_modules\\@esbuild\\win32-ia32'
335 silly reify ]
336 verbose reify failed optional dependency E:\基于 SpringBoot 的企业财务管理系统项目设计\frontend\node_modules\esbuild\node_modules\@esbuild\win32-arm64
337 silly reify mark deleted [
337 silly reify   'E:\\基于 SpringBoot 的企业财务管理系统项目设计\\frontend\\node_modules\\esbuild\\node_modules\\@esbuild\\win32-arm64'
337 silly reify ]
338 verbose reify failed optional dependency E:\基于 SpringBoot 的企业财务管理系统项目设计\frontend\node_modules\esbuild\node_modules\@esbuild\sunos-x64
339 silly reify mark deleted [
339 silly reify   'E:\\基于 SpringBoot 的企业财务管理系统项目设计\\frontend\\node_modules\\esbuild\\node_modules\\@esbuild\\sunos-x64'
339 silly reify ]
340 verbose reify failed optional dependency E:\基于 SpringBoot 的企业财务管理系统项目设计\frontend\node_modules\esbuild\node_modules\@esbuild\openbsd-x64
341 silly reify mark deleted [
341 silly reify   'E:\\基于 SpringBoot 的企业财务管理系统项目设计\\frontend\\node_modules\\esbuild\\node_modules\\@esbuild\\openbsd-x64'
341 silly reify ]
342 verbose reify failed optional dependency E:\基于 SpringBoot 的企业财务管理系统项目设计\frontend\node_modules\esbuild\node_modules\@esbuild\netbsd-x64
343 silly reify mark deleted [
343 silly reify   'E:\\基于 SpringBoot 的企业财务管理系统项目设计\\frontend\\node_modules\\esbuild\\node_modules\\@esbuild\\netbsd-x64'
343 silly reify ]
344 verbose reify failed optional dependency E:\基于 SpringBoot 的企业财务管理系统项目设计\frontend\node_modules\esbuild\node_modules\@esbuild\linux-x64
345 silly reify mark deleted [
345 silly reify   'E:\\基于 SpringBoot 的企业财务管理系统项目设计\\frontend\\node_modules\\esbuild\\node_modules\\@esbuild\\linux-x64'
345 silly reify ]
346 verbose reify failed optional dependency E:\基于 SpringBoot 的企业财务管理系统项目设计\frontend\node_modules\esbuild\node_modules\@esbuild\linux-s390x
347 silly reify mark deleted [
347 silly reify   'E:\\基于 SpringBoot 的企业财务管理系统项目设计\\frontend\\node_modules\\esbuild\\node_modules\\@esbuild\\linux-s390x'
347 silly reify ]
348 verbose reify failed optional dependency E:\基于 SpringBoot 的企业财务管理系统项目设计\frontend\node_modules\esbuild\node_modules\@esbuild\linux-riscv64
349 silly reify mark deleted [
349 silly reify   'E:\\基于 SpringBoot 的企业财务管理系统项目设计\\frontend\\node_modules\\esbuild\\node_modules\\@esbuild\\linux-riscv64'
349 silly reify ]
350 verbose reify failed optional dependency E:\基于 SpringBoot 的企业财务管理系统项目设计\frontend\node_modules\esbuild\node_modules\@esbuild\linux-ppc64
351 silly reify mark deleted [
351 silly reify   'E:\\基于 SpringBoot 的企业财务管理系统项目设计\\frontend\\node_modules\\esbuild\\node_modules\\@esbuild\\linux-ppc64'
351 silly reify ]
352 verbose reify failed optional dependency E:\基于 SpringBoot 的企业财务管理系统项目设计\frontend\node_modules\esbuild\node_modules\@esbuild\linux-mips64el
353 silly reify mark deleted [
353 silly reify   'E:\\基于 SpringBoot 的企业财务管理系统项目设计\\frontend\\node_modules\\esbuild\\node_modules\\@esbuild\\linux-mips64el'
353 silly reify ]
354 verbose reify failed optional dependency E:\基于 SpringBoot 的企业财务管理系统项目设计\frontend\node_modules\esbuild\node_modules\@esbuild\linux-loong64
355 silly reify mark deleted [
355 silly reify   'E:\\基于 SpringBoot 的企业财务管理系统项目设计\\frontend\\node_modules\\esbuild\\node_modules\\@esbuild\\linux-loong64'
355 silly reify ]
356 verbose reify failed optional dependency E:\基于 SpringBoot 的企业财务管理系统项目设计\frontend\node_modules\esbuild\node_modules\@esbuild\linux-ia32
357 silly reify mark deleted [
357 silly reify   'E:\\基于 SpringBoot 的企业财务管理系统项目设计\\frontend\\node_modules\\esbuild\\node_modules\\@esbuild\\linux-ia32'
357 silly reify ]
358 verbose reify failed optional dependency E:\基于 SpringBoot 的企业财务管理系统项目设计\frontend\node_modules\esbuild\node_modules\@esbuild\linux-arm64
359 silly reify mark deleted [
359 silly reify   'E:\\基于 SpringBoot 的企业财务管理系统项目设计\\frontend\\node_modules\\esbuild\\node_modules\\@esbuild\\linux-arm64'
359 silly reify ]
360 verbose reify failed optional dependency E:\基于 SpringBoot 的企业财务管理系统项目设计\frontend\node_modules\esbuild\node_modules\@esbuild\linux-arm
361 silly reify mark deleted [
361 silly reify   'E:\\基于 SpringBoot 的企业财务管理系统项目设计\\frontend\\node_modules\\esbuild\\node_modules\\@esbuild\\linux-arm'
361 silly reify ]
362 verbose reify failed optional dependency E:\基于 SpringBoot 的企业财务管理系统项目设计\frontend\node_modules\esbuild\node_modules\@esbuild\freebsd-x64
363 silly reify mark deleted [
363 silly reify   'E:\\基于 SpringBoot 的企业财务管理系统项目设计\\frontend\\node_modules\\esbuild\\node_modules\\@esbuild\\freebsd-x64'
363 silly reify ]
364 verbose reify failed optional dependency E:\基于 SpringBoot 的企业财务管理系统项目设计\frontend\node_modules\esbuild\node_modules\@esbuild\freebsd-arm64
365 silly reify mark deleted [
365 silly reify   'E:\\基于 SpringBoot 的企业财务管理系统项目设计\\frontend\\node_modules\\esbuild\\node_modules\\@esbuild\\freebsd-arm64'
365 silly reify ]
366 verbose reify failed optional dependency E:\基于 SpringBoot 的企业财务管理系统项目设计\frontend\node_modules\esbuild\node_modules\@esbuild\darwin-x64
367 silly reify mark deleted [
367 silly reify   'E:\\基于 SpringBoot 的企业财务管理系统项目设计\\frontend\\node_modules\\esbuild\\node_modules\\@esbuild\\darwin-x64'
367 silly reify ]
368 verbose reify failed optional dependency E:\基于 SpringBoot 的企业财务管理系统项目设计\frontend\node_modules\esbuild\node_modules\@esbuild\darwin-arm64
369 silly reify mark deleted [
369 silly reify   'E:\\基于 SpringBoot 的企业财务管理系统项目设计\\frontend\\node_modules\\esbuild\\node_modules\\@esbuild\\darwin-arm64'
369 silly reify ]
370 verbose reify failed optional dependency E:\基于 SpringBoot 的企业财务管理系统项目设计\frontend\node_modules\esbuild\node_modules\@esbuild\android-x64
371 silly reify mark deleted [
371 silly reify   'E:\\基于 SpringBoot 的企业财务管理系统项目设计\\frontend\\node_modules\\esbuild\\node_modules\\@esbuild\\android-x64'
371 silly reify ]
372 verbose reify failed optional dependency E:\基于 SpringBoot 的企业财务管理系统项目设计\frontend\node_modules\esbuild\node_modules\@esbuild\android-arm64
373 silly reify mark deleted [
373 silly reify   'E:\\基于 SpringBoot 的企业财务管理系统项目设计\\frontend\\node_modules\\esbuild\\node_modules\\@esbuild\\android-arm64'
373 silly reify ]
374 verbose reify failed optional dependency E:\基于 SpringBoot 的企业财务管理系统项目设计\frontend\node_modules\esbuild\node_modules\@esbuild\android-arm
375 silly reify mark deleted [
375 silly reify   'E:\\基于 SpringBoot 的企业财务管理系统项目设计\\frontend\\node_modules\\esbuild\\node_modules\\@esbuild\\android-arm'
375 silly reify ]
376 verbose reify failed optional dependency E:\基于 SpringBoot 的企业财务管理系统项目设计\frontend\node_modules\esbuild\node_modules\@esbuild\aix-ppc64
377 silly reify mark deleted [
377 silly reify   'E:\\基于 SpringBoot 的企业财务管理系统项目设计\\frontend\\node_modules\\esbuild\\node_modules\\@esbuild\\aix-ppc64'
377 silly reify ]
378 timing reifyNode:node_modules/rollup/node_modules/fsevents Completed in 90ms
379 timing reifyNode:node_modules/rollup/node_modules/@rollup/rollup-win32-ia32-msvc Completed in 89ms
380 timing reifyNode:node_modules/rollup/node_modules/@rollup/rollup-win32-arm64-msvc Completed in 89ms
381 timing reifyNode:node_modules/rollup/node_modules/@rollup/rollup-openharmony-arm64 Completed in 89ms
382 timing reifyNode:node_modules/rollup/node_modules/@rollup/rollup-openbsd-x64 Completed in 89ms
383 timing reifyNode:node_modules/rollup/node_modules/@rollup/rollup-linux-x64-musl Completed in 89ms
384 timing reifyNode:node_modules/rollup/node_modules/@rollup/rollup-linux-x64-gnu Completed in 88ms
385 timing reifyNode:node_modules/rollup/node_modules/@rollup/rollup-linux-s390x-gnu Completed in 88ms
386 timing reifyNode:node_modules/rollup/node_modules/@rollup/rollup-linux-riscv64-musl Completed in 88ms
387 timing reifyNode:node_modules/rollup/node_modules/@rollup/rollup-linux-riscv64-gnu Completed in 88ms
388 timing reifyNode:node_modules/rollup/node_modules/@rollup/rollup-linux-ppc64-musl Completed in 88ms
389 timing reifyNode:node_modules/rollup/node_modules/@rollup/rollup-linux-ppc64-gnu Completed in 88ms
390 timing reifyNode:node_modules/rollup/node_modules/@rollup/rollup-linux-loong64-musl Completed in 88ms
391 timing reifyNode:node_modules/rollup/node_modules/@rollup/rollup-linux-loong64-gnu Completed in 88ms
392 timing reifyNode:node_modules/rollup/node_modules/@rollup/rollup-linux-arm64-musl Completed in 87ms
393 timing reifyNode:node_modules/rollup/node_modules/@rollup/rollup-linux-arm64-gnu Completed in 87ms
394 timing reifyNode:node_modules/rollup/node_modules/@rollup/rollup-linux-arm-musleabihf Completed in 87ms
395 timing reifyNode:node_modules/rollup/node_modules/@rollup/rollup-linux-arm-gnueabihf Completed in 87ms
396 timing reifyNode:node_modules/rollup/node_modules/@rollup/rollup-freebsd-x64 Completed in 87ms
397 timing reifyNode:node_modules/rollup/node_modules/@rollup/rollup-freebsd-arm64 Completed in 87ms
398 timing reifyNode:node_modules/rollup/node_modules/@rollup/rollup-darwin-x64 Completed in 87ms
399 timing reifyNode:node_modules/rollup/node_modules/@rollup/rollup-darwin-arm64 Completed in 87ms
400 timing reifyNode:node_modules/rollup/node_modules/@rollup/rollup-android-arm64 Completed in 87ms
401 timing reifyNode:node_modules/rollup/node_modules/@rollup/rollup-android-arm-eabi Completed in 87ms
402 timing reifyNode:node_modules/vite/node_modules/fsevents Completed in 87ms
403 timing reifyNode:node_modules/esbuild/node_modules/@esbuild/win32-ia32 Completed in 87ms
404 timing reifyNode:node_modules/esbuild/node_modules/@esbuild/win32-arm64 Completed in 88ms
405 timing reifyNode:node_modules/esbuild/node_modules/@esbuild/sunos-x64 Completed in 88ms
406 timing reifyNode:node_modules/esbuild/node_modules/@esbuild/openbsd-x64 Completed in 88ms
407 timing reifyNode:node_modules/esbuild/node_modules/@esbuild/netbsd-x64 Completed in 87ms
408 timing reifyNode:node_modules/esbuild/node_modules/@esbuild/linux-x64 Completed in 87ms
409 timing reifyNode:node_modules/esbuild/node_modules/@esbuild/linux-s390x Completed in 87ms
410 timing reifyNode:node_modules/esbuild/node_modules/@esbuild/linux-riscv64 Completed in 87ms
411 timing reifyNode:node_modules/esbuild/node_modules/@esbuild/linux-ppc64 Completed in 87ms
412 timing reifyNode:node_modules/esbuild/node_modules/@esbuild/linux-mips64el Completed in 87ms
413 timing reifyNode:node_modules/esbuild/node_modules/@esbuild/linux-loong64 Completed in 87ms
414 timing reifyNode:node_modules/esbuild/node_modules/@esbuild/linux-ia32 Completed in 87ms
415 timing reifyNode:node_modules/esbuild/node_modules/@esbuild/linux-arm64 Completed in 87ms
416 timing reifyNode:node_modules/esbuild/node_modules/@esbuild/linux-arm Completed in 87ms
417 timing reifyNode:node_modules/esbuild/node_modules/@esbuild/freebsd-x64 Completed in 87ms
418 timing reifyNode:node_modules/esbuild/node_modules/@esbuild/freebsd-arm64 Completed in 87ms
419 timing reifyNode:node_modules/esbuild/node_modules/@esbuild/darwin-x64 Completed in 87ms
420 timing reifyNode:node_modules/esbuild/node_modules/@esbuild/darwin-arm64 Completed in 88ms
421 timing reifyNode:node_modules/esbuild/node_modules/@esbuild/android-x64 Completed in 88ms
422 timing reifyNode:node_modules/esbuild/node_modules/@esbuild/android-arm64 Completed in 87ms
423 timing reifyNode:node_modules/esbuild/node_modules/@esbuild/android-arm Completed in 87ms
424 timing reifyNode:node_modules/esbuild/node_modules/@esbuild/aix-ppc64 Completed in 87ms
425 timing reify:unpack Completed in 93ms
426 timing reify:unretire Completed in 1ms
427 timing build:queue Completed in 9ms
428 timing build:deps Completed in 10ms
429 timing build Completed in 10ms
430 timing reify:build Completed in 11ms
431 timing reify:trash Completed in 18ms
432 timing reify:save Completed in 55ms
433 http fetch POST 200 https://registry.npmjs.org/-/npm/v1/security/advisories/bulk 798ms
434 timing auditReport:getReport Completed in 802ms
435 silly audit report {
435 silly audit report   esbuild: [
435 silly audit report     {
435 silly audit report       id: 1102341,
435 silly audit report       url: 'https://github.com/advisories/GHSA-67mh-4wv8-2f99',
435 silly audit report       title: 'esbuild enables any website to send any requests to the development server and read the response',
435 silly audit report       severity: 'moderate',
435 silly audit report       vulnerable_versions: '<=0.24.2',
435 silly audit report       cwe: [Array],
435 silly audit report       cvss: [Object]
435 silly audit report     }
435 silly audit report   ]
435 silly audit report }
436 timing metavuln:cache:get:security-advisory:esbuild:jKdCIzePj7J1488qgRXvF8Srh9wutSuR1exB8YooNX62hT+qhtrUXYbArLNoIhgwbaCqKpmduh18syZU7BR9SA== Completed in 12ms
437 http fetch GET 200 https://registry.npmjs.org/esbuild 30ms (cache hit)
438 timing metavuln:packument:esbuild Completed in 38ms
439 timing metavuln:load:security-advisory:esbuild:1102341 Completed in 7ms
440 timing metavuln:calculate:security-advisory:esbuild:1102341 Completed in 48ms
441 timing metavuln:cache:get:security-advisory:vite:tMBsdAS7JBTyRORp0YaJR984WAAsOxgmReSLBN0Nd41GhzEakjROICqAJ31iOdYG5Ijo/MlJ01p3ig1iN88+Tw== Completed in 9ms
442 http fetch GET 200 https://registry.npmjs.org/vite 30ms (cache hit)
443 timing metavuln:packument:vite Completed in 67ms
444 timing metavuln:load:security-advisory:vite:jKdCIzePj7J1488qgRXvF8Srh9wutSuR1exB8YooNX62hT+qhtrUXYbArLNoIhgwbaCqKpmduh18syZU7BR9SA== Completed in 12ms
445 timing metavuln:calculate:security-advisory:vite:jKdCIzePj7J1488qgRXvF8Srh9wutSuR1exB8YooNX62hT+qhtrUXYbArLNoIhgwbaCqKpmduh18syZU7BR9SA== Completed in 80ms
446 timing metavuln:cache:get:security-advisory:@vitejs/plugin-vue:/NDSsAJRxQX6HE/zrCY3JgNr3/wPXpxdSFeeJKo1jGnwx2n815/ff5c7Yef4iLUXDoVwt6vOOhoKM4DF9Mrr9g== Completed in 15ms
447 http fetch GET 200 https://registry.npmjs.org/@vitejs%2fplugin-vue 20ms (cache hit)
448 timing metavuln:packument:@vitejs/plugin-vue Completed in 24ms
449 timing metavuln:load:security-advisory:@vitejs/plugin-vue:tMBsdAS7JBTyRORp0YaJR984WAAsOxgmReSLBN0Nd41GhzEakjROICqAJ31iOdYG5Ijo/MlJ01p3ig1iN88+Tw== Completed in 1ms
450 timing metavuln:calculate:security-advisory:@vitejs/plugin-vue:tMBsdAS7JBTyRORp0YaJR984WAAsOxgmReSLBN0Nd41GhzEakjROICqAJ31iOdYG5Ijo/MlJ01p3ig1iN88+Tw== Completed in 26ms
451 timing auditReport:init Completed in 234ms
452 timing reify:audit Completed in 1038ms
453 timing reify Completed in 2528ms
454 silly ADD
455 silly ADD
456 silly ADD
457 silly ADD
458 silly ADD
459 silly ADD
460 silly ADD
461 silly ADD
462 silly ADD
463 silly ADD
464 silly ADD
465 silly ADD
466 silly ADD
467 silly ADD
468 silly ADD
469 silly ADD
470 silly ADD
471 silly ADD
472 silly ADD
473 silly ADD
474 silly ADD
475 silly ADD
476 silly ADD
477 silly ADD
478 silly ADD
479 silly ADD
480 silly ADD
481 silly ADD
482 silly ADD
483 silly ADD
484 silly ADD
485 silly ADD
486 silly ADD
487 silly ADD
488 silly ADD
489 silly ADD
490 silly ADD
491 silly ADD
492 silly ADD
493 silly ADD
494 silly ADD
495 silly ADD
496 silly ADD
497 silly ADD
498 silly ADD
499 silly ADD
500 silly ADD
501 silly REMOVE node_modules/@rollup/rollup-openharmony-arm64
502 silly REMOVE node_modules/@rollup/rollup-win32-ia32-msvc
503 silly REMOVE node_modules/@rollup/rollup-win32-arm64-msvc
504 silly REMOVE node_modules/@rollup/rollup-openbsd-x64
505 silly REMOVE node_modules/@rollup/rollup-linux-x64-musl
506 silly REMOVE node_modules/@rollup/rollup-linux-s390x-gnu
507 silly REMOVE node_modules/@rollup/rollup-linux-x64-gnu
508 silly REMOVE node_modules/@rollup/rollup-linux-riscv64-musl
509 silly REMOVE node_modules/@rollup/rollup-linux-riscv64-gnu
510 silly REMOVE node_modules/@rollup/rollup-linux-ppc64-musl
511 silly REMOVE node_modules/@rollup/rollup-linux-loong64-musl
512 silly REMOVE node_modules/@rollup/rollup-linux-loong64-gnu
513 silly REMOVE node_modules/@rollup/rollup-linux-ppc64-gnu
514 silly REMOVE node_modules/@rollup/rollup-linux-arm64-musl
515 silly REMOVE node_modules/@rollup/rollup-linux-arm64-gnu
516 silly REMOVE node_modules/@rollup/rollup-linux-arm-gnueabihf
517 silly REMOVE node_modules/@rollup/rollup-linux-arm-musleabihf
518 silly REMOVE node_modules/@rollup/rollup-freebsd-x64
519 silly REMOVE node_modules/@rollup/rollup-freebsd-arm64
520 silly REMOVE node_modules/@rollup/rollup-darwin-x64
521 silly REMOVE node_modules/@rollup/rollup-android-arm64
522 silly REMOVE node_modules/@rollup/rollup-darwin-arm64
523 silly REMOVE node_modules/@rollup/rollup-android-arm-eabi
524 silly REMOVE node_modules/@esbuild/win32-ia32
525 silly REMOVE node_modules/@esbuild/win32-arm64
526 silly REMOVE node_modules/@esbuild/sunos-x64
527 silly REMOVE node_modules/@esbuild/openbsd-x64
528 silly REMOVE node_modules/@esbuild/netbsd-x64
529 silly REMOVE node_modules/@esbuild/linux-x64
530 silly REMOVE node_modules/@esbuild/linux-s390x
531 silly REMOVE node_modules/@esbuild/linux-riscv64
532 silly REMOVE node_modules/@esbuild/linux-ppc64
533 silly REMOVE node_modules/@esbuild/linux-loong64
534 silly REMOVE node_modules/@esbuild/linux-mips64el
535 silly REMOVE node_modules/@esbuild/linux-ia32
536 silly REMOVE node_modules/@esbuild/linux-arm
537 silly REMOVE node_modules/@esbuild/linux-arm64
538 silly REMOVE node_modules/@esbuild/freebsd-x64
539 silly REMOVE node_modules/@esbuild/freebsd-arm64
540 silly REMOVE node_modules/@esbuild/darwin-arm64
541 silly REMOVE node_modules/@esbuild/darwin-x64
542 silly REMOVE node_modules/@esbuild/android-x64
543 silly REMOVE node_modules/@esbuild/android-arm64
544 silly REMOVE node_modules/@esbuild/android-arm
545 silly REMOVE node_modules/@esbuild/aix-ppc64
546 silly REMOVE node_modules/fsevents
547 timing command:install Completed in 2571ms
548 verbose exit 0
549 timing npm Completed in 3662ms
550 info ok
